1773090447.025228 client started (122663): version 3.6a, socket /tmp/tmux-1000/default, protocol 8
1773090447.025287 on Linux 6.18.9-arch1-2 #1 SMP PREEMPT_DYNAMIC Mon, 09 Feb 2026 17:16:33 +0000
1773090447.025296 using libevent 2.1.12-stable poll
1773090447.025301 using ncurses 6.5 20240427
1773090447.025333 flags are 0x18010000
1773090447.025355 socket is /tmp/tmux-1000/default
1773090447.025373 trying connect
1773090447.025444 add peer 0x564587865090: 6 ((nil))
1773090447.025683 sending message 111 to peer 0x564587865090 (8 bytes)
1773090447.025688 sending message 111 to peer 0x564587865090 (8 bytes)
1773090447.025689 sending message 101 to peer 0x564587865090 (15 bytes)
1773090447.025691 sending message 109 to peer 0x564587865090 (4 bytes)
1773090447.025692 sending message 102 to peer 0x564587865090 (11 bytes)
1773090447.025694 sending message 108 to peer 0x564587865090 (24 bytes)
1773090447.025696 sending message 112 to peer 0x564587865090 (58 bytes)
1773090447.025697 sending message 112 to peer 0x564587865090 (5 bytes)
1773090447.025699 sending message 112 to peer 0x564587865090 (5 bytes)
1773090447.025700 sending message 112 to peer 0x564587865090 (6 bytes)
1773090447.025702 sending message 112 to peer 0x564587865090 (6 bytes)
1773090447.025703 sending message 112 to peer 0x564587865090 (11 bytes)
1773090447.025705 sending message 112 to peer 0x564587865090 (10 bytes)
1773090447.025706 sending message 112 to peer 0x564587865090 (13 bytes)
1773090447.025707 sending message 112 to peer 0x564587865090 (14 bytes)
1773090447.025709 sending message 112 to peer 0x564587865090 (19 bytes)
1773090447.025711 sending message 112 to peer 0x564587865090 (11 bytes)
1773090447.025712 sending message 112 to peer 0x564587865090 (10 bytes)
1773090447.025714 sending message 112 to peer 0x564587865090 (15 bytes)
1773090447.025715 sending message 112 to peer 0x564587865090 (21 bytes)
1773090447.025717 sending message 112 to peer 0x564587865090 (13 bytes)
1773090447.025718 sending message 112 to peer 0x564587865090 (7 bytes)
1773090447.025720 sending message 112 to peer 0x564587865090 (13 bytes)
1773090447.025721 sending message 112 to peer 0x564587865090 (7 bytes)
1773090447.025723 sending message 112 to peer 0x564587865090 (13 bytes)
1773090447.025724 sending message 112 to peer 0x564587865090 (9 bytes)
1773090447.025726 sending message 112 to peer 0x564587865090 (21 bytes)
1773090447.025727 sending message 112 to peer 0x564587865090 (13 bytes)
1773090447.025729 sending message 112 to peer 0x564587865090 (9 bytes)
1773090447.025730 sending message 112 to peer 0x564587865090 (16 bytes)
1773090447.025732 sending message 112 to peer 0x564587865090 (13 bytes)
1773090447.025734 sending message 112 to peer 0x564587865090 (9 bytes)
1773090447.025735 sending message 112 to peer 0x564587865090 (9 bytes)
1773090447.025737 sending message 112 to peer 0x564587865090 (12 bytes)
1773090447.025738 sending message 112 to peer 0x564587865090 (8 bytes)
1773090447.025740 sending message 112 to peer 0x564587865090 (8 bytes)
1773090447.025741 sending message 112 to peer 0x564587865090 (13 bytes)
1773090447.025743 sending message 112 to peer 0x564587865090 (7 bytes)
1773090447.025744 sending message 112 to peer 0x564587865090 (7 bytes)
1773090447.025746 sending message 112 to peer 0x564587865090 (9 bytes)
1773090447.025747 sending message 112 to peer 0x564587865090 (9 bytes)
1773090447.025749 sending message 112 to peer 0x564587865090 (15 bytes)
1773090447.025750 sending message 112 to peer 0x564587865090 (13 bytes)
1773090447.025752 sending message 112 to peer 0x564587865090 (12 bytes)
1773090447.025753 sending message 112 to peer 0x564587865090 (8 bytes)
1773090447.025755 sending message 112 to peer 0x564587865090 (14 bytes)
1773090447.025756 sending message 112 to peer 0x564587865090 (11 bytes)
1773090447.025758 sending message 112 to peer 0x564587865090 (9 bytes)
1773090447.025759 sending message 112 to peer 0x564587865090 (10 bytes)
1773090447.025761 sending message 112 to peer 0x564587865090 (10 bytes)
1773090447.025762 sending message 112 to peer 0x564587865090 (10 bytes)
1773090447.025768 sending message 112 to peer 0x564587865090 (10 bytes)
1773090447.025770 sending message 112 to peer 0x564587865090 (11 bytes)
1773090447.025771 sending message 112 to peer 0x564587865090 (12 bytes)
1773090447.025773 sending message 112 to peer 0x564587865090 (12 bytes)
1773090447.025775 sending message 112 to peer 0x564587865090 (12 bytes)
1773090447.025776 sending message 112 to peer 0x564587865090 (12 bytes)
1773090447.025778 sending message 112 to peer 0x564587865090 (12 bytes)
1773090447.025779 sending message 112 to peer 0x564587865090 (11 bytes)
1773090447.025781 sending message 112 to peer 0x564587865090 (11 bytes)
1773090447.025782 sending message 112 to peer 0x564587865090 (12 bytes)
1773090447.025784 sending message 112 to peer 0x564587865090 (12 bytes)
1773090447.025785 sending message 112 to peer 0x564587865090 (12 bytes)
1773090447.025787 sending message 112 to peer 0x564587865090 (12 bytes)
1773090447.025788 sending message 112 to peer 0x564587865090 (12 bytes)
1773090447.025790 sending message 112 to peer 0x564587865090 (9 bytes)
1773090447.025791 sending message 112 to peer 0x564587865090 (12 bytes)
1773090447.025793 sending message 112 to peer 0x564587865090 (13 bytes)
1773090447.025794 sending message 112 to peer 0x564587865090 (13 bytes)
1773090447.025796 sending message 112 to peer 0x564587865090 (13 bytes)
1773090447.025798 sending message 112 to peer 0x564587865090 (13 bytes)
1773090447.025799 sending message 112 to peer 0x564587865090 (13 bytes)
1773090447.025801 sending message 112 to peer 0x564587865090 (8 bytes)
1773090447.025802 sending message 112 to peer 0x564587865090 (11 bytes)
1773090447.025804 sending message 112 to peer 0x564587865090 (11 bytes)
1773090447.025805 sending message 112 to peer 0x564587865090 (11 bytes)
1773090447.025807 sending message 112 to peer 0x564587865090 (12 bytes)
1773090447.025808 sending message 112 to peer 0x564587865090 (12 bytes)
1773090447.025810 sending message 112 to peer 0x564587865090 (12 bytes)
1773090447.025811 sending message 112 to peer 0x564587865090 (12 bytes)
1773090447.025813 sending message 112 to peer 0x564587865090 (13 bytes)
1773090447.025815 sending message 112 to peer 0x564587865090 (13 bytes)
1773090447.025816 sending message 112 to peer 0x564587865090 (13 bytes)
1773090447.025818 sending message 112 to peer 0x564587865090 (8 bytes)
1773090447.025819 sending message 112 to peer 0x564587865090 (13 bytes)
1773090447.025821 sending message 112 to peer 0x564587865090 (13 bytes)
1773090447.025822 sending message 112 to peer 0x564587865090 (13 bytes)
1773090447.025824 sending message 112 to peer 0x564587865090 (13 bytes)
1773090447.025825 sending message 112 to peer 0x564587865090 (13 bytes)
1773090447.025827 sending message 112 to peer 0x564587865090 (12 bytes)
1773090447.025828 sending message 112 to peer 0x564587865090 (12 bytes)
1773090447.025830 sending message 112 to peer 0x564587865090 (12 bytes)
1773090447.025831 sending message 112 to peer 0x564587865090 (12 bytes)
1773090447.025833 sending message 112 to peer 0x564587865090 (13 bytes)
1773090447.025834 sending message 112 to peer 0x564587865090 (8 bytes)
1773090447.025836 sending message 112 to peer 0x564587865090 (13 bytes)
1773090447.025838 sending message 112 to peer 0x564587865090 (13 bytes)
1773090447.025839 sending message 112 to peer 0x564587865090 (13 bytes)
1773090447.025841 sending message 112 to peer 0x564587865090 (13 bytes)
1773090447.025842 sending message 112 to peer 0x564587865090 (13 bytes)
1773090447.025844 sending message 112 to peer 0x564587865090 (13 bytes)
1773090447.025845 sending message 112 to peer 0x564587865090 (13 bytes)
1773090447.025847 sending message 112 to peer 0x564587865090 (12 bytes)
1773090447.025848 sending message 112 to peer 0x564587865090 (12 bytes)
1773090447.025850 sending message 112 to peer 0x564587865090 (12 bytes)
1773090447.025851 sending message 112 to peer 0x564587865090 (8 bytes)
1773090447.025853 sending message 112 to peer 0x564587865090 (12 bytes)
1773090447.025862 sending message 112 to peer 0x564587865090 (13 bytes)
1773090447.025867 sending message 112 to peer 0x564587865090 (13 bytes)
1773090447.025869 sending message 112 to peer 0x564587865090 (13 bytes)
1773090447.025870 sending message 112 to peer 0x564587865090 (13 bytes)
1773090447.025872 sending message 112 to peer 0x564587865090 (13 bytes)
1773090447.025873 sending message 112 to peer 0x564587865090 (13 bytes)
1773090447.025875 sending message 112 to peer 0x564587865090 (13 bytes)
1773090447.025876 sending message 112 to peer 0x564587865090 (13 bytes)
1773090447.025878 sending message 112 to peer 0x564587865090 (12 bytes)
1773090447.025879 sending message 112 to peer 0x564587865090 (10 bytes)
1773090447.025881 sending message 112 to peer 0x564587865090 (12 bytes)
1773090447.025882 sending message 112 to peer 0x564587865090 (12 bytes)
1773090447.025884 sending message 112 to peer 0x564587865090 (12 bytes)
1773090447.025886 sending message 112 to peer 0x564587865090 (13 bytes)
1773090447.025887 sending message 112 to peer 0x564587865090 (13 bytes)
1773090447.025889 sending message 112 to peer 0x564587865090 (13 bytes)
1773090447.025890 sending message 112 to peer 0x564587865090 (13 bytes)
1773090447.025892 sending message 112 to peer 0x564587865090 (13 bytes)
1773090447.025893 sending message 112 to peer 0x564587865090 (13 bytes)
1773090447.025895 sending message 112 to peer 0x564587865090 (13 bytes)
1773090447.025898 sending message 112 to peer 0x564587865090 (10 bytes)
1773090447.025900 sending message 112 to peer 0x564587865090 (13 bytes)
1773090447.025901 sending message 112 to peer 0x564587865090 (12 bytes)
1773090447.025903 sending message 112 to peer 0x564587865090 (12 bytes)
1773090447.025904 sending message 112 to peer 0x564587865090 (12 bytes)
1773090447.025906 sending message 112 to peer 0x564587865090 (10 bytes)
1773090447.025907 sending message 112 to peer 0x564587865090 (10 bytes)
1773090447.025909 sending message 112 to peer 0x564587865090 (10 bytes)
1773090447.025910 sending message 112 to peer 0x564587865090 (12 bytes)
1773090447.025912 sending message 112 to peer 0x564587865090 (13 bytes)
1773090447.025913 sending message 112 to peer 0x564587865090 (13 bytes)
1773090447.025915 sending message 112 to peer 0x564587865090 (13 bytes)
1773090447.025917 sending message 112 to peer 0x564587865090 (13 bytes)
1773090447.025918 sending message 112 to peer 0x564587865090 (13 bytes)
1773090447.025920 sending message 112 to peer 0x564587865090 (10 bytes)
1773090447.025921 sending message 112 to peer 0x564587865090 (11 bytes)
1773090447.025923 sending message 112 to peer 0x564587865090 (12 bytes)
1773090447.025924 sending message 112 to peer 0x564587865090 (12 bytes)
1773090447.025926 sending message 112 to peer 0x564587865090 (12 bytes)
1773090447.025927 sending message 112 to peer 0x564587865090 (12 bytes)
1773090447.025929 sending message 112 to peer 0x564587865090 (12 bytes)
1773090447.025930 sending message 112 to peer 0x564587865090 (11 bytes)
1773090447.025931 sending message 112 to peer 0x564587865090 (12 bytes)
1773090447.025933 sending message 112 to peer 0x564587865090 (12 bytes)
1773090447.025934 sending message 112 to peer 0x564587865090 (13 bytes)
1773090447.025936 sending message 112 to peer 0x564587865090 (13 bytes)
1773090447.025937 sending message 112 to peer 0x564587865090 (13 bytes)
1773090447.025939 sending message 112 to peer 0x564587865090 (13 bytes)
1773090447.025940 sending message 112 to peer 0x564587865090 (13 bytes)
1773090447.025942 sending message 112 to peer 0x564587865090 (10 bytes)
1773090447.025943 sending message 112 to peer 0x564587865090 (9 bytes)
1773090447.025945 sending message 112 to peer 0x564587865090 (12 bytes)
1773090447.025947 sending message 112 to peer 0x564587865090 (13 bytes)
1773090447.025948 sending message 112 to peer 0x564587865090 (13 bytes)
1773090447.025950 sending message 112 to peer 0x564587865090 (13 bytes)
1773090447.025951 sending message 112 to peer 0x564587865090 (13 bytes)
1773090447.025953 sending message 112 to peer 0x564587865090 (13 bytes)
1773090447.025954 sending message 112 to peer 0x564587865090 (9 bytes)
1773090447.025957 sending message 112 to peer 0x564587865090 (12 bytes)
1773090447.025959 sending message 112 to peer 0x564587865090 (13 bytes)
1773090447.025960 sending message 112 to peer 0x564587865090 (13 bytes)
1773090447.025962 sending message 112 to peer 0x564587865090 (13 bytes)
1773090447.025963 sending message 112 to peer 0x564587865090 (13 bytes)
1773090447.025965 sending message 112 to peer 0x564587865090 (13 bytes)
1773090447.025966 sending message 112 to peer 0x564587865090 (11 bytes)
1773090447.025967 sending message 112 to peer 0x564587865090 (12 bytes)
1773090447.025969 sending message 112 to peer 0x564587865090 (13 bytes)
1773090447.025970 sending message 112 to peer 0x564587865090 (13 bytes)
1773090447.025972 sending message 112 to peer 0x564587865090 (13 bytes)
1773090447.025973 sending message 112 to peer 0x564587865090 (13 bytes)
1773090447.025975 sending message 112 to peer 0x564587865090 (13 bytes)
1773090447.025977 sending message 112 to peer 0x564587865090 (11 bytes)
1773090447.025978 sending message 112 to peer 0x564587865090 (12 bytes)
1773090447.025980 sending message 112 to peer 0x564587865090 (12 bytes)
1773090447.025981 sending message 112 to peer 0x564587865090 (12 bytes)
1773090447.025983 sending message 112 to peer 0x564587865090 (12 bytes)
1773090447.025984 sending message 112 to peer 0x564587865090 (12 bytes)
1773090447.025986 sending message 112 to peer 0x564587865090 (21 bytes)
1773090447.025987 sending message 112 to peer 0x564587865090 (12 bytes)
1773090447.025989 sending message 112 to peer 0x564587865090 (9 bytes)
1773090447.025990 sending message 112 to peer 0x564587865090 (6 bytes)
1773090447.025991 sending message 112 to peer 0x564587865090 (13 bytes)
1773090447.025993 sending message 112 to peer 0x564587865090 (10 bytes)
1773090447.025994 sending message 112 to peer 0x564587865090 (24 bytes)
1773090447.025996 sending message 112 to peer 0x564587865090 (13 bytes)
1773090447.025997 sending message 112 to peer 0x564587865090 (9 bytes)
1773090447.025999 sending message 112 to peer 0x564587865090 (70 bytes)
1773090447.026000 sending message 112 to peer 0x564587865090 (69 bytes)
1773090447.026002 sending message 112 to peer 0x564587865090 (12 bytes)
1773090447.026003 sending message 112 to peer 0x564587865090 (10 bytes)
1773090447.026005 sending message 112 to peer 0x564587865090 (10 bytes)
1773090447.026006 sending message 112 to peer 0x564587865090 (24 bytes)
1773090447.026008 sending message 112 to peer 0x564587865090 (13 bytes)
1773090447.026010 sending message 112 to peer 0x564587865090 (10 bytes)
1773090447.026011 sending message 112 to peer 0x564587865090 (10 bytes)
1773090447.026013 sending message 112 to peer 0x564587865090 (10 bytes)
1773090447.026014 sending message 112 to peer 0x564587865090 (13 bytes)
1773090447.026016 sending message 112 to peer 0x564587865090 (15 bytes)
1773090447.026017 sending message 112 to peer 0x564587865090 (5 bytes)
1773090447.026019 sending message 104 to peer 0x564587865090 (0 bytes)
1773090447.026021 sending message 110 to peer 0x564587865090 (0 bytes)
1773090447.026023 sending message 107 to peer 0x564587865090 (4 bytes)
1773090447.026024 sending message 105 to peer 0x564587865090 (10 bytes)
1773090447.026026 sending message 105 to peer 0x564587865090 (13 bytes)
1773090447.026027 sending message 105 to peer 0x564587865090 (16 bytes)
1773090447.026029 sending message 105 to peer 0x564587865090 (222 bytes)
1773090447.026031 sending message 105 to peer 0x564587865090 (19 bytes)
1773090447.026032 sending message 105 to peer 0x564587865090 (20 bytes)
1773090447.026034 sending message 105 to peer 0x564587865090 (15 bytes)
1773090447.026035 sending message 105 to peer 0x564587865090 (26 bytes)
1773090447.026037 sending message 105 to peer 0x564587865090 (18 bytes)
1773090447.026038 sending message 105 to peer 0x564587865090 (21 bytes)
1773090447.026040 sending message 105 to peer 0x564587865090 (23 bytes)
1773090447.026041 sending message 105 to peer 0x564587865090 (31 bytes)
1773090447.026043 sending message 105 to peer 0x564587865090 (54 bytes)
1773090447.026046 sending message 105 to peer 0x564587865090 (32 bytes)
1773090447.026048 sending message 105 to peer 0x564587865090 (50 bytes)
1773090447.026049 sending message 105 to peer 0x564587865090 (19 bytes)
1773090447.026051 sending message 105 to peer 0x564587865090 (8 bytes)
1773090447.026053 sending message 105 to peer 0x564587865090 (28 bytes)
1773090447.026054 sending message 105 to peer 0x564587865090 (26 bytes)
1773090447.026056 sending message 105 to peer 0x564587865090 (35 bytes)
1773090447.026057 sending message 105 to peer 0x564587865090 (45 bytes)
1773090447.026059 sending message 105 to peer 0x564587865090 (40 bytes)
1773090447.026060 sending message 105 to peer 0x564587865090 (30 bytes)
1773090447.026062 sending message 105 to peer 0x564587865090 (30 bytes)
1773090447.026063 sending message 105 to peer 0x564587865090 (26 bytes)
1773090447.026065 sending message 105 to peer 0x564587865090 (50 bytes)
1773090447.026066 sending message 105 to peer 0x564587865090 (17 bytes)
1773090447.026068 sending message 105 to peer 0x564587865090 (31 bytes)
1773090447.026069 sending message 105 to peer 0x564587865090 (16 bytes)
1773090447.026071 sending message 105 to peer 0x564587865090 (58 bytes)
1773090447.026072 sending message 105 to peer 0x564587865090 (67 bytes)
1773090447.026074 sending message 105 to peer 0x564587865090 (13 bytes)
1773090447.026075 sending message 105 to peer 0x564587865090 (16 bytes)
1773090447.026077 sending message 106 to peer 0x564587865090 (0 bytes)
1773090447.026117 sending message 200 to peer 0x564587865090 (4 bytes)
1773090447.026119 client loop enter
1773090447.028234 peer 0x564587865090 message 207
1773090447.028243 sending message 208 to peer 0x564587865090 (0 bytes)
1773090449.962445 peer 0x564587865090 message 203
1773090449.962455 sending message 205 to peer 0x564587865090 (0 bytes)
1773090449.962746 peer 0x564587865090 message 204
1773090449.962751 client loop exit
